#! /usr/bin/vvp
:ivl_version "0.9.7 " "(v0_9_7)";
:vpi_time_precision + 0;
:vpi_module "system";
:vpi_module "v2005_math";
:vpi_module "va_math";
S_0xb478f0 .scope module, "adder32" "adder32" 2 99;
 .timescale 0 0;
v0xb53ad0_0 .net *"_s0", 0 0, C4<0>; 1 drivers
v0xbc4810_0 .net *"_s11", 0 0, L_0xbcd990; 1 drivers
v0xbc48b0_0 .net *"_s13", 31 0, L_0xbcda80; 1 drivers
v0xbc4950_0 .net *"_s15", 31 0, L_0xbcdb20; 1 drivers
v0xbc4a00_0 .net *"_s2", 32 0, L_0xbcd670; 1 drivers
v0xbc4aa0_0 .net *"_s4", 0 0, C4<0>; 1 drivers
v0xbc4b80_0 .net *"_s6", 32 0, L_0xbcd760; 1 drivers
v0xbc4c20_0 .net "a", 31 0, C4<zzzzzzzzzzzzzzzzzzzzzzzzzzzzzzzz>; 0 drivers
v0xbc4d10_0 .net "b", 31 0, C4<zzzzzzzzzzzzzzzzzzzzzzzzzzzzzzzz>; 0 drivers
v0xbc4db0_0 .net "result", 31 0, L_0xbcdc50; 1 drivers
v0xbc4eb0_0 .net "sum", 32 0, L_0xbcd850; 1 drivers
L_0xbcd670 .concat [ 32 1 0 0], C4<zzzzzzzzzzzzzzzzzzzzzzzzzzzzzzzz>, C4<0>;
L_0xbcd760 .concat [ 32 1 0 0], C4<zzzzzzzzzzzzzzzzzzzzzzzzzzzzzzzz>, C4<0>;
L_0xbcd850 .arith/sum 33, L_0xbcd670, L_0xbcd760;
L_0xbcd990 .part L_0xbcd850, 32, 1;
L_0xbcda80 .part L_0xbcd850, 1, 32;
L_0xbcdb20 .part L_0xbcd850, 0, 32;
L_0xbcdc50 .functor MUXZ 32, L_0xbcdb20, L_0xbcda80, L_0xbcd990, C4<>;
S_0xba6470 .scope module, "mips_tb" "mips_tb" 3 1;
 .timescale 0 0;
v0xbcd2c0_0 .var "clock", 0 0;
S_0xbc4f50 .scope module, "uut" "mips" 3 5, 2 1, S_0xba6470;
 .timescale 0 0;
L_0xbc68b0 .functor BUFZ 32, v0xbcae00_0, C4<00000000000000000000000000000000>, C4<00000000000000000000000000000000>, C4<00000000000000000000000000000000>;
L_0xbce060 .functor BUFZ 32, v0xbca6c0_0, C4<00000000000000000000000000000000>, C4<00000000000000000000000000000000>, C4<00000000000000000000000000000000>;
L_0xbce720 .functor AND 1, v0xbc6390_0, v0xbc6e50_0, C4<1>, C4<1>;
v0xbcaf30_0 .net "add_out", 31 0, v0xbca6c0_0; 1 drivers
v0xbcafd0_0 .net "alu_in_2", 31 0, v0xbc7d90_0; 1 drivers
v0xbcb0a0_0 .net "alu_op", 1 0, v0xbc8380_0; 1 drivers
v0xbcb170_0 .net "alu_result", 31 0, v0xbc7660_0; 1 drivers
v0xbcb240_0 .net "alu_result1", 31 0, v0xbc6310_0; 1 drivers
v0xbcb2c0_0 .net "alu_result2", 31 0, v0xbc5640_0; 1 drivers
v0xbcb390_0 .net "alu_sig_wire", 3 0, v0xbc7a50_0; 1 drivers
v0xbcb460_0 .net "alu_src", 0 0, v0xbc8430_0; 1 drivers
v0xbcb580_0 .net "branch", 0 0, v0xbc6390_0; 1 drivers
v0xbcb600_0 .net "clock", 0 0, v0xbcd2c0_0; 1 drivers
v0xbc8560_0 .net "ex_wire", 3 0, v0xbc9200_0; 1 drivers
v0xbcb790_0 .net "funct_and_add_wire", 31 0, v0xbc8720_0; 1 drivers
v0xbcb810_0 .net "instruction_wire", 31 0, v0xbcaa00_0; 1 drivers
v0xbcb8e0_0 .net "instruction_wire1", 31 0, v0xbca240_0; 1 drivers
v0xbcb9e0_0 .net "m_wire", 2 0, v0xbc92b0_0; 1 drivers
v0xbcbab0_0 .net "m_wire1", 2 0, v0xbc8a20_0; 1 drivers
v0xbcb960_0 .net "mem_read", 0 0, v0xbc6660_0; 1 drivers
v0xbcbc60_0 .net "mem_to_reg", 0 0, v0xbc5770_0; 1 drivers
v0xbcbd80_0 .net "mem_write", 0 0, v0xbc66e0_0; 1 drivers
v0xbcbe50_0 .net "mux_out", 31 0, v0xbcae00_0; 1 drivers
v0xbcbce0_0 .var "pc", 31 0;
RS_0x7f0d073ebdf8 .resolv tri, C4<0>, L_0xbce720, C4<z>, C4<z>;
v0xbcbf80_0 .net8 "pc_src", 0 0, RS_0x7f0d073ebdf8; 2 drivers
v0xbcbed0_0 .net "pc_wire", 31 0, C4<00000000000000000000000000000001>; 1 drivers
v0xbcc0c0_0 .net "pc_wire1", 31 0, L_0xbc68b0; 1 drivers
v0xbcc000_0 .net "pc_wire2", 31 0, v0xbcbce0_0; 1 drivers
RS_0x7f0d073ebeb8 .resolv tri, C4<00000000000000000000000000000010>, L_0xbce060, C4<zzzzzzzzzzzzzzzzzzzzzzzzzzzzzzzz>, C4<zzzzzzzzzzzzzzzzzzzzzzzzzzzzzzzz>;
v0xbcc260_0 .net8 "pc_wire3", 31 0, RS_0x7f0d073ebeb8; 2 drivers
v0xbcc140_0 .net "pc_wire4", 31 0, v0xbca360_0; 1 drivers
v0xbcc3c0_0 .net "pc_wire5", 31 0, v0xbc8b50_0; 1 drivers
v0xbcc330_0 .net "pc_wire6", 31 0, v0xbc81b0_0; 1 drivers
RS_0x7f0d073eb5b8 .resolv tri, v0xbc6830_0, C4<00000000000000000000000000000010>, C4<zzzzzzzzzzzzzzzzzzzzzzzzzzzzzzzz>, C4<zzzzzzzzzzzzzzzzzzzzzzzzzzzzzzzz>;
v0xbcc580_0 .net8 "pc_wire7", 31 0, RS_0x7f0d073eb5b8; 2 drivers
v0xbcc490_0 .net "pc_wire_add", 31 0, C4<00000000000000000000000000000001>; 1 drivers
v0xbcc700_0 .net "read_data1", 31 0, v0xbc9680_0; 1 drivers
v0xbcc600_0 .net "read_data1_1", 31 0, v0xbc8d30_0; 1 drivers
v0xbcc680_0 .net "read_data2", 31 0, v0xbc9750_0; 1 drivers
v0xbcc8f0_0 .net "read_data2_1", 31 0, v0xbc8e40_0; 1 drivers
v0xbcc970_0 .net "read_data_wire", 31 0, v0xbc6080_0; 1 drivers
v0xbcc7d0_0 .net "read_data_wire1", 31 0, v0xbc58d0_0; 1 drivers
v0xbccb20_0 .net "reg_dst", 0 0, v0xbc8db0_0; 1 drivers
v0xbcca40_0 .net "reg_write", 0 0, v0xbc5950_0; 1 drivers
v0xbccce0_0 .net "targ_wire1", 4 0, v0xbc8820_0; 1 drivers
v0xbccbf0_0 .net "targ_wire2", 4 0, v0xbc8920_0; 1 drivers
v0xbcceb0_0 .net "wb_wire", 1 0, v0xbc93e0_0; 1 drivers
v0xbccd60_0 .net "wb_wire1", 1 0, v0xbc9090_0; 1 drivers
v0xbcce30_0 .net "wb_wire2", 1 0, v0xbc69b0_0; 1 drivers
v0xbcd0a0_0 .net "write_back_reg_wire", 4 0, v0xbc71c0_0; 1 drivers
v0xbcd170_0 .net "write_back_reg_wire2", 4 0, v0xbc6b60_0; 1 drivers
v0xbccf30_0 .net "write_data", 31 0, v0xbc52d0_0; 1 drivers
v0xbcd000_0 .net "write_reg", 4 0, v0xbc5af0_0; 1 drivers
v0xbcd380_0 .net "write_reg_data_mem", 31 0, v0xbc6d10_0; 1 drivers
v0xbcd450_0 .net "zero_flag", 0 0, v0xbc7740_0; 1 drivers
v0xbcd240_0 .net "zero_flag1", 0 0, v0xbc6e50_0; 1 drivers
L_0xbce1a0 .part v0xbca240_0, 21, 5;
L_0xbce240 .part v0xbca240_0, 16, 5;
L_0xbce2e0 .part v0xbca240_0, 26, 6;
L_0xbce410 .part v0xbca240_0, 16, 5;
L_0xbce4b0 .part v0xbca240_0, 11, 5;
L_0xbce550 .part v0xbca240_0, 0, 16;
L_0xbce5f0 .part v0xbc8720_0, 0, 6;
S_0xbcab90 .scope module, "m1" "mux_m" 2 38, 2 113, S_0xbc4f50;
 .timescale 0 0;
v0xbcacb0_0 .alias "Data_in_0", 31 0, v0xbcaf30_0;
v0xbcad80_0 .alias "Data_in_1", 31 0, v0xbcc580_0;
v0xbcae00_0 .var "Data_out", 31 0;
v0xbcae80_0 .alias "sel", 0 0, v0xbcbf80_0;
E_0xbcac80 .event edge, v0xbcae80_0, v0xbc6830_0, v0xbca2e0_0;
S_0xbca7a0 .scope module, "i1" "instr_mem_file" 2 54, 4 1, S_0xbc4f50;
 .timescale 0 0;
v0xbca8c0_0 .var "i0", 31 0;
v0xbca980 .array "k", 1999 0, 31 0;
v0xbcaa00_0 .var "out", 31 0;
v0xbcaab0_0 .alias "pc", 31 0, v0xbcc000_0;
E_0xbca890 .event edge, v0xbca580_0;
S_0xbca410 .scope module, "b1" "bit_32_adder" 2 56, 2 87, S_0xbc4f50;
 .timescale 0 0;
v0xbca500_0 .alias "clock", 0 0, v0xbcb600_0;
v0xbca580_0 .alias "in1", 31 0, v0xbcc000_0;
v0xbca620_0 .net "in2", 31 0, C4<00000000000000000000000000000001>; 1 drivers
v0xbca6c0_0 .var "out", 31 0;
S_0xbca0b0 .scope module, "p1" "if_id_pipe_reg" 2 59, 5 1, S_0xbc4f50;
 .timescale 0 0;
v0xbc9e50_0 .alias "clock", 0 0, v0xbcb600_0;
v0xbca1a0_0 .alias "instr_in", 31 0, v0xbcb810_0;
v0xbca240_0 .var "instr_out", 31 0;
v0xbca2e0_0 .alias "pc_in", 31 0, v0xbcaf30_0;
v0xbca360_0 .var "pc_out", 31 0;
S_0xbc94e0 .scope module, "rf1" "reg_file" 2 61, 6 1, S_0xbc4f50;
 .timescale 0 0;
v0xbc9600_0 .alias "clock", 0 0, v0xbcb600_0;
v0xbc9680_0 .var "read_data1", 31 0;
v0xbc9750_0 .var "read_data2", 31 0;
v0xbc97d0_0 .net "read_reg1", 4 0, L_0xbce1a0; 1 drivers
v0xbc9880_0 .net "read_reg2", 4 0, L_0xbce240; 1 drivers
v0xbc9900_0 .alias "reg_write", 0 0, v0xbcca40_0;
v0xbc9980_0 .var "s0", 31 0;
v0xbc9a00_0 .var "s1", 31 0;
v0xbc9ad0_0 .var "s2", 31 0;
v0xbc9b50_0 .var "s3", 31 0;
v0xbc9bf0_0 .var "s4", 31 0;
v0xbc9c90_0 .var "s5", 31 0;
v0xbc9d30_0 .var "s6", 31 0;
v0xbc9dd0_0 .var "s7", 31 0;
v0xbc9ef0_0 .alias "write_data", 31 0, v0xbccf30_0;
v0xbc9fa0_0 .alias "write_reg", 4 0, v0xbcd170_0;
E_0xbc8ec0/0 .event edge, v0xbc5950_0, v0xbc5a50_0, v0xbc9880_0, v0xbc97d0_0;
E_0xbc8ec0/1 .event edge, v0xbc56f0_0;
E_0xbc8ec0 .event/or E_0xbc8ec0/0, E_0xbc8ec0/1;
S_0xbc9110 .scope module, "c1" "control" 2 63, 7 1, S_0xbc4f50;
 .timescale 0 0;
v0xbc9200_0 .var "ex", 3 0;
v0xbc92b0_0 .var "m", 2 0;
v0xbc9360_0 .net "opcode", 5 0, L_0xbce2e0; 1 drivers
v0xbc93e0_0 .var "wb", 1 0;
E_0xbc8f20 .event edge, v0xbc9360_0;
S_0xbc8290 .scope module, "ip1" "id_ex_pipe_reg" 2 65, 8 1, S_0xbc4f50;
 .timescale 0 0;
v0xbc8380_0 .var "alu_op", 1 0;
v0xbc8430_0 .var "alu_src", 0 0;
v0xbc84e0_0 .alias "clock", 0 0, v0xbcb600_0;
v0xbc85f0_0 .alias "ex_in", 3 0, v0xbc8560_0;
v0xbc86a0_0 .net "instr_add_to_reg_in", 15 0, L_0xbce550; 1 drivers
v0xbc8720_0 .var "instr_add_to_reg_out", 31 0;
v0xbc87a0_0 .net "instr_reg1_in", 4 0, L_0xbce410; 1 drivers
v0xbc8820_0 .var "instr_reg1_out", 4 0;
v0xbc88a0_0 .net "instr_reg2_in", 4 0, L_0xbce4b0; 1 drivers
v0xbc8920_0 .var "instr_reg2_out", 4 0;
v0xbc89a0_0 .alias "m_in", 2 0, v0xbcb9e0_0;
v0xbc8a20_0 .var "m_out", 2 0;
v0xbc8ad0_0 .alias "pc_in", 31 0, v0xbcc140_0;
v0xbc8b50_0 .var "pc_out", 31 0;
v0xbc8c80_0 .alias "read_data1_in", 31 0, v0xbcc700_0;
v0xbc8d30_0 .var "read_data1_out", 31 0;
v0xbc8bd0_0 .alias "read_data2_in", 31 0, v0xbcc680_0;
v0xbc8e40_0 .var "read_data2_out", 31 0;
v0xbc8db0_0 .var "reg_dst", 0 0;
v0xbc8f60_0 .alias "wb_in", 1 0, v0xbcceb0_0;
v0xbc9090_0 .var "wb_out", 1 0;
S_0xbc7ef0 .scope module, "b2" "bit_32_adder" 2 67, 2 87, S_0xbc4f50;
 .timescale 0 0;
v0xbc7fe0_0 .alias "clock", 0 0, v0xbcb600_0;
v0xbc8060_0 .alias "in1", 31 0, v0xbcc3c0_0;
v0xbc8100_0 .alias "in2", 31 0, v0xbcb790_0;
v0xbc81b0_0 .var "out", 31 0;
S_0xbc7b00 .scope module, "m2" "mux" 2 68, 9 1, S_0xbc4f50;
 .timescale 0 0;
v0xbc7c40_0 .alias "Data_in_0", 31 0, v0xbcc8f0_0;
v0xbc7d10_0 .alias "Data_in_1", 31 0, v0xbcb790_0;
v0xbc7d90_0 .var "Data_out", 31 0;
v0xbc7e40_0 .alias "sel", 0 0, v0xbcb460_0;
E_0xbc7bf0 .event edge, v0xbc7e40_0, v0xbc7d10_0, v0xbc6c90_0;
S_0xbc77f0 .scope module, "ac1" "alu_control" 2 69, 10 1, S_0xbc4f50;
 .timescale 0 0;
v0xbc7910_0 .alias "alu_op", 1 0, v0xbcb0a0_0;
v0xbc79b0_0 .net "funct", 5 0, L_0xbce5f0; 1 drivers
v0xbc7a50_0 .var "out", 3 0;
E_0xbc78e0 .event edge, v0xbc7910_0, v0xbc79b0_0;
S_0xbc7320 .scope module, "al1" "alu" 2 70, 11 1, S_0xbc4f50;
 .timescale 0 0;
v0xbc7460_0 .alias "contr_in", 3 0, v0xbcb390_0;
v0xbc7520_0 .alias "data1", 31 0, v0xbcc700_0;
v0xbc75c0_0 .alias "data2", 31 0, v0xbcafd0_0;
v0xbc7660_0 .var "out", 31 0;
v0xbc7740_0 .var "zero_flag", 0 0;
E_0xbc7410 .event edge, v0xbc7460_0, v0xbc75c0_0, v0xbc7520_0;
S_0xbc6f70 .scope module, "m3" "mux_5_bit" 2 71, 12 1, S_0xbc4f50;
 .timescale 0 0;
v0xbc7060_0 .alias "Data_in_0", 4 0, v0xbccce0_0;
v0xbc7120_0 .alias "Data_in_1", 4 0, v0xbccbf0_0;
v0xbc71c0_0 .var "Data_out", 4 0;
v0xbc7270_0 .alias "sel", 0 0, v0xbccb20_0;
E_0xbc6db0 .event edge, v0xbc7270_0, v0xbc7120_0, v0xbc7060_0;
S_0xbc6180 .scope module, "ep1" "ex_mem_pipe_reg" 2 73, 13 1, S_0xbc4f50;
 .timescale 0 0;
v0xbc6270_0 .alias "alu_result_in", 31 0, v0xbcb170_0;
v0xbc6310_0 .var "alu_result_out", 31 0;
v0xbc6390_0 .var "branch", 0 0;
v0xbc6430_0 .alias "clock", 0 0, v0xbcb600_0;
v0xbc6500_0 .net "flag_in", 0 0, C4<z>; 0 drivers
v0xbc6580_0 .alias "m_in", 2 0, v0xbcbab0_0;
v0xbc6660_0 .var "mem_read", 0 0;
v0xbc66e0_0 .var "mem_write", 0 0;
v0xbc67b0_0 .alias "pc_add_in", 31 0, v0xbcc330_0;
v0xbc6830_0 .var "pc_add_out", 31 0;
v0xbc6910_0 .alias "wb_in", 1 0, v0xbccd60_0;
v0xbc69b0_0 .var "wb_out", 1 0;
v0xbc6ac0_0 .alias "write_back_reg_in", 4 0, v0xbcd0a0_0;
v0xbc6b60_0 .var "write_back_reg_out", 4 0;
v0xbc6c90_0 .alias "write_data_in", 31 0, v0xbcc8f0_0;
v0xbc6d10_0 .var "write_data_out", 31 0;
v0xbc6be0_0 .alias "zero_flag_in", 0 0, v0xbcd450_0;
v0xbc6e50_0 .var "zero_flag_out", 0 0;
S_0xbc5bf0 .scope module, "dm1" "data_memory" 2 78, 14 1, S_0xbc4f50;
 .timescale 0 0;
v0xbc5d50_0 .alias "address", 31 0, v0xbcb240_0;
v0xbc5e20_0 .alias "clock", 0 0, v0xbcb600_0;
v0xbc5ed0 .array "m", 29 0, 31 0;
v0xbc5f50_0 .alias "mem_read", 0 0, v0xbcb960_0;
v0xbc6000_0 .alias "mem_write", 0 0, v0xbcbd80_0;
v0xbc6080_0 .var "read_data", 31 0;
v0xbc6100_0 .alias "write_data", 31 0, v0xbcd380_0;
E_0xbc5ce0 .event edge, v0xbc56f0_0;
S_0xbc5420 .scope module, "mp1" "mem_wb_pipe_reg" 2 80, 15 1, S_0xbc4f50;
 .timescale 0 0;
v0xbc5580_0 .alias "alu_result_in", 31 0, v0xbcb240_0;
v0xbc5640_0 .var "alu_result_out", 31 0;
v0xbc56f0_0 .alias "clock", 0 0, v0xbcb600_0;
v0xbc5770_0 .var "mem_to_reg", 0 0;
v0xbc5850_0 .alias "read_data_in", 31 0, v0xbcc970_0;
v0xbc58d0_0 .var "read_data_out", 31 0;
v0xbc5950_0 .var "reg_write", 0 0;
v0xbc59d0_0 .alias "wb_in", 1 0, v0xbcceb0_0;
v0xbc5a50_0 .alias "write_back_in", 4 0, v0xbcd170_0;
v0xbc5af0_0 .var "write_back_out", 4 0;
E_0xbc5510 .event posedge, v0xbc56f0_0;
S_0xbc5040 .scope module, "m4" "mux" 2 82, 9 1, S_0xbc4f50;
 .timescale 0 0;
v0xbc5170_0 .alias "Data_in_0", 31 0, v0xbcb2c0_0;
v0xbc5230_0 .alias "Data_in_1", 31 0, v0xbcc7d0_0;
v0xbc52d0_0 .var "Data_out", 31 0;
v0xbc5370_0 .alias "sel", 0 0, v0xbcbc60_0;
E_0xbc49d0 .event edge, v0xbc5370_0, v0xbc5230_0, v0xbc5170_0;
    .scope S_0xbcab90;
T_0 ;
    %wait E_0xbcac80;
    %load/v 8, v0xbcae80_0, 1;
    %cmpi/u 8, 0, 1;
    %jmp/0xz  T_0.0, 4;
    %load/v 8, v0xbcacb0_0, 32;
    %set/v v0xbcae00_0, 8, 32;
    %jmp T_0.1;
T_0.0 ;
    %load/v 8, v0xbcad80_0, 32;
    %set/v v0xbcae00_0, 8, 32;
T_0.1 ;
    %jmp T_0;
    .thread T_0, $push;
    .scope S_0xbca7a0;
T_1 ;
    %movi 8, 2383478784, 32;
    %set/v v0xbca8c0_0, 8, 32;
    %movi 8, 2383478784, 32;
   %ix/load 1, 0, 0;
   %ix/load 3, 0, 0;
   %set/av v0xbca980, 8, 32;
    %movi 8, 2383544329, 32;
   %ix/load 1, 0, 0;
   %ix/load 3, 3, 0;
   %set/av v0xbca980, 8, 32;
    %movi 8, 36870180, 32;
   %ix/load 1, 0, 0;
   %ix/load 3, 5, 0;
   %set/av v0xbca980, 8, 32;
    %movi 8, 2383478785, 32;
   %ix/load 1, 0, 0;
   %ix/load 3, 7, 0;
   %set/av v0xbca980, 8, 32;
    %movi 8, 2383544332, 32;
   %ix/load 1, 0, 0;
   %ix/load 3, 9, 0;
   %set/av v0xbca980, 8, 32;
    %movi 8, 36872228, 32;
   %ix/load 1, 0, 0;
   %ix/load 3, 11, 0;
   %set/av v0xbca980, 8, 32;
    %movi 8, 2383478786, 32;
   %ix/load 1, 0, 0;
   %ix/load 3, 13, 0;
   %set/av v0xbca980, 8, 32;
    %movi 8, 2383544335, 32;
   %ix/load 1, 0, 0;
   %ix/load 3, 15, 0;
   %set/av v0xbca980, 8, 32;
    %movi 8, 36874276, 32;
   %ix/load 1, 0, 0;
   %ix/load 3, 17, 0;
   %set/av v0xbca980, 8, 32;
    %movi 8, 41201696, 32;
   %ix/load 1, 0, 0;
   %ix/load 3, 19, 0;
   %set/av v0xbca980, 8, 32;
    %movi 8, 47560736, 32;
   %ix/load 1, 0, 0;
   %ix/load 3, 21, 0;
   %set/av v0xbca980, 8, 32;
    %movi 8, 2920742930, 32;
   %ix/load 1, 0, 0;
   %ix/load 3, 23, 0;
   %set/av v0xbca980, 8, 32;
    %movi 8, 2383478784, 32;
   %ix/load 1, 0, 0;
   %ix/load 3, 24, 0;
   %set/av v0xbca980, 8, 32;
    %movi 8, 2383544330, 32;
   %ix/load 1, 0, 0;
   %ix/load 3, 26, 0;
   %set/av v0xbca980, 8, 32;
    %movi 8, 36870180, 32;
   %ix/load 1, 0, 0;
   %ix/load 3, 28, 0;
   %set/av v0xbca980, 8, 32;
    %movi 8, 2383478785, 32;
   %ix/load 1, 0, 0;
   %ix/load 3, 30, 0;
   %set/av v0xbca980, 8, 32;
    %movi 8, 2383544333, 32;
   %ix/load 1, 0, 0;
   %ix/load 3, 32, 0;
   %set/av v0xbca980, 8, 32;
    %movi 8, 36872228, 32;
   %ix/load 1, 0, 0;
   %ix/load 3, 34, 0;
   %set/av v0xbca980, 8, 32;
    %movi 8, 2383478786, 32;
   %ix/load 1, 0, 0;
   %ix/load 3, 36, 0;
   %set/av v0xbca980, 8, 32;
    %movi 8, 2383544336, 32;
   %ix/load 1, 0, 0;
   %ix/load 3, 38, 0;
   %set/av v0xbca980, 8, 32;
    %movi 8, 36874276, 32;
   %ix/load 1, 0, 0;
   %ix/load 3, 40, 0;
   %set/av v0xbca980, 8, 32;
    %movi 8, 41201696, 32;
   %ix/load 1, 0, 0;
   %ix/load 3, 42, 0;
   %set/av v0xbca980, 8, 32;
    %movi 8, 47560736, 32;
   %ix/load 1, 0, 0;
   %ix/load 3, 44, 0;
   %set/av v0xbca980, 8, 32;
    %movi 8, 2920742931, 32;
   %ix/load 1, 0, 0;
   %ix/load 3, 46, 0;
   %set/av v0xbca980, 8, 32;
    %movi 8, 2383478784, 32;
   %ix/load 1, 0, 0;
   %ix/load 3, 48, 0;
   %set/av v0xbca980, 8, 32;
    %movi 8, 2383544331, 32;
   %ix/load 1, 0, 0;
   %ix/load 3, 50, 0;
   %set/av v0xbca980, 8, 32;
    %movi 8, 36870180, 32;
   %ix/load 1, 0, 0;
   %ix/load 3, 52, 0;
   %set/av v0xbca980, 8, 32;
    %movi 8, 2383478785, 32;
   %ix/load 1, 0, 0;
   %ix/load 3, 54, 0;
   %set/av v0xbca980, 8, 32;
    %movi 8, 2383544334, 32;
   %ix/load 1, 0, 0;
   %ix/load 3, 56, 0;
   %set/av v0xbca980, 8, 32;
    %movi 8, 36872228, 32;
   %ix/load 1, 0, 0;
   %ix/load 3, 58, 0;
   %set/av v0xbca980, 8, 32;
    %movi 8, 2383478786, 32;
   %ix/load 1, 0, 0;
   %ix/load 3, 60, 0;
   %set/av v0xbca980, 8, 32;
    %movi 8, 2383544337, 32;
   %ix/load 1, 0, 0;
   %ix/load 3, 62, 0;
   %set/av v0xbca980, 8, 32;
    %movi 8, 36874276, 32;
   %ix/load 1, 0, 0;
   %ix/load 3, 64, 0;
   %set/av v0xbca980, 8, 32;
    %movi 8, 41201696, 32;
   %ix/load 1, 0, 0;
   %ix/load 3, 66, 0;
   %set/av v0xbca980, 8, 32;
    %movi 8, 47560736, 32;
   %ix/load 1, 0, 0;
   %ix/load 3, 68, 0;
   %set/av v0xbca980, 8, 32;
    %movi 8, 2920742932, 32;
   %ix/load 1, 0, 0;
   %ix/load 3, 70, 0;
   %set/av v0xbca980, 8, 32;
    %movi 8, 2383478787, 32;
   %ix/load 1, 0, 0;
   %ix/load 3, 87, 0;
   %set/av v0xbca980, 8, 32;
    %movi 8, 2383544329, 32;
   %ix/load 1, 0, 0;
   %ix/load 3, 89, 0;
   %set/av v0xbca980, 8, 32;
    %movi 8, 36870180, 32;
   %ix/load 1, 0, 0;
   %ix/load 3, 91, 0;
   %set/av v0xbca980, 8, 32;
    %movi 8, 2383478788, 32;
   %ix/load 1, 0, 0;
   %ix/load 3, 93, 0;
   %set/av v0xbca980, 8, 32;
    %movi 8, 2383544332, 32;
   %ix/load 1, 0, 0;
   %ix/load 3, 95, 0;
   %set/av v0xbca980, 8, 32;
    %movi 8, 36872228, 32;
   %ix/load 1, 0, 0;
   %ix/load 3, 97, 0;
   %set/av v0xbca980, 8, 32;
    %movi 8, 2383478789, 32;
   %ix/load 1, 0, 0;
   %ix/load 3, 99, 0;
   %set/av v0xbca980, 8, 32;
    %movi 8, 2383544335, 32;
   %ix/load 1, 0, 0;
   %ix/load 3, 101, 0;
   %set/av v0xbca980, 8, 32;
    %movi 8, 36874276, 32;
   %ix/load 1, 0, 0;
   %ix/load 3, 103, 0;
   %set/av v0xbca980, 8, 32;
    %movi 8, 41201696, 32;
   %ix/load 1, 0, 0;
   %ix/load 3, 105, 0;
   %set/av v0xbca980, 8, 32;
    %movi 8, 47560736, 32;
   %ix/load 1, 0, 0;
   %ix/load 3, 107, 0;
   %set/av v0xbca980, 8, 32;
    %movi 8, 2920742933, 32;
   %ix/load 1, 0, 0;
   %ix/load 3, 109, 0;
   %set/av v0xbca980, 8, 32;
    %movi 8, 2383478787, 32;
   %ix/load 1, 0, 0;
   %ix/load 3, 111, 0;
   %set/av v0xbca980, 8, 32;
    %movi 8, 2383544330, 32;
   %ix/load 1, 0, 0;
   %ix/load 3, 113, 0;
   %set/av v0xbca980, 8, 32;
    %movi 8, 36870180, 32;
   %ix/load 1, 0, 0;
   %ix/load 3, 115, 0;
   %set/av v0xbca980, 8, 32;
    %movi 8, 2383478788, 32;
   %ix/load 1, 0, 0;
   %ix/load 3, 117, 0;
   %set/av v0xbca980, 8, 32;
    %movi 8, 2383544333, 32;
   %ix/load 1, 0, 0;
   %ix/load 3, 119, 0;
   %set/av v0xbca980, 8, 32;
    %movi 8, 36872228, 32;
   %ix/load 1, 0, 0;
   %ix/load 3, 121, 0;
   %set/av v0xbca980, 8, 32;
    %movi 8, 2383478789, 32;
   %ix/load 1, 0, 0;
   %ix/load 3, 123, 0;
   %set/av v0xbca980, 8, 32;
    %movi 8, 2383544336, 32;
   %ix/load 1, 0, 0;
   %ix/load 3, 125, 0;
   %set/av v0xbca980, 8, 32;
    %movi 8, 36874276, 32;
   %ix/load 1, 0, 0;
   %ix/load 3, 127, 0;
   %set/av v0xbca980, 8, 32;
    %movi 8, 41201696, 32;
   %ix/load 1, 0, 0;
   %ix/load 3, 129, 0;
   %set/av v0xbca980, 8, 32;
    %movi 8, 47560736, 32;
   %ix/load 1, 0, 0;
   %ix/load 3, 131, 0;
   %set/av v0xbca980, 8, 32;
    %movi 8, 2920742934, 32;
   %ix/load 1, 0, 0;
   %ix/load 3, 133, 0;
   %set/av v0xbca980, 8, 32;
    %movi 8, 2383478787, 32;
   %ix/load 1, 0, 0;
   %ix/load 3, 135, 0;
   %set/av v0xbca980, 8, 32;
    %movi 8, 2383544331, 32;
   %ix/load 1, 0, 0;
   %ix/load 3, 137, 0;
   %set/av v0xbca980, 8, 32;
    %movi 8, 36870180, 32;
   %ix/load 1, 0, 0;
   %ix/load 3, 139, 0;
   %set/av v0xbca980, 8, 32;
    %movi 8, 2383478788, 32;
   %ix/load 1, 0, 0;
   %ix/load 3, 141, 0;
   %set/av v0xbca980, 8, 32;
    %movi 8, 2383544334, 32;
   %ix/load 1, 0, 0;
   %ix/load 3, 143, 0;
   %set/av v0xbca980, 8, 32;
    %movi 8, 36872228, 32;
   %ix/load 1, 0, 0;
   %ix/load 3, 145, 0;
   %set/av v0xbca980, 8, 32;
    %movi 8, 2383478789, 32;
   %ix/load 1, 0, 0;
   %ix/load 3, 147, 0;
   %set/av v0xbca980, 8, 32;
    %movi 8, 2383544337, 32;
   %ix/load 1, 0, 0;
   %ix/load 3, 149, 0;
   %set/av v0xbca980, 8, 32;
    %movi 8, 36874276, 32;
   %ix/load 1, 0, 0;
   %ix/load 3, 151, 0;
   %set/av v0xbca980, 8, 32;
    %movi 8, 41201696, 32;
   %ix/load 1, 0, 0;
   %ix/load 3, 153, 0;
   %set/av v0xbca980, 8, 32;
    %movi 8, 47560736, 32;
   %ix/load 1, 0, 0;
   %ix/load 3, 155, 0;
   %set/av v0xbca980, 8, 32;
    %movi 8, 2920742935, 32;
   %ix/load 1, 0, 0;
   %ix/load 3, 157, 0;
   %set/av v0xbca980, 8, 32;
    %movi 8, 2383478790, 32;
   %ix/load 1, 0, 0;
   %ix/load 3, 187, 0;
   %set/av v0xbca980, 8, 32;
    %movi 8, 2383544329, 32;
   %ix/load 1, 0, 0;
   %ix/load 3, 189, 0;
   %set/av v0xbca980, 8, 32;
    %movi 8, 36870180, 32;
   %ix/load 1, 0, 0;
   %ix/load 3, 191, 0;
   %set/av v0xbca980, 8, 32;
    %movi 8, 2383478791, 32;
   %ix/load 1, 0, 0;
   %ix/load 3, 193, 0;
   %set/av v0xbca980, 8, 32;
    %movi 8, 2383544332, 32;
   %ix/load 1, 0, 0;
   %ix/load 3, 195, 0;
   %set/av v0xbca980, 8, 32;
    %movi 8, 36872228, 32;
   %ix/load 1, 0, 0;
   %ix/load 3, 197, 0;
   %set/av v0xbca980, 8, 32;
    %movi 8, 2383478792, 32;
   %ix/load 1, 0, 0;
   %ix/load 3, 199, 0;
   %set/av v0xbca980, 8, 32;
    %movi 8, 2383544335, 32;
   %ix/load 1, 0, 0;
   %ix/load 3, 201, 0;
   %set/av v0xbca980, 8, 32;
    %movi 8, 36874276, 32;
   %ix/load 1, 0, 0;
   %ix/load 3, 203, 0;
   %set/av v0xbca980, 8, 32;
    %movi 8, 41201696, 32;
   %ix/load 1, 0, 0;
   %ix/load 3, 205, 0;
   %set/av v0xbca980, 8, 32;
    %movi 8, 47560736, 32;
   %ix/load 1, 0, 0;
   %ix/load 3, 207, 0;
   %set/av v0xbca980, 8, 32;
    %movi 8, 2920742936, 32;
   %ix/load 1, 0, 0;
   %ix/load 3, 209, 0;
   %set/av v0xbca980, 8, 32;
    %movi 8, 2383478790, 32;
   %ix/load 1, 0, 0;
   %ix/load 3, 211, 0;
   %set/av v0xbca980, 8, 32;
    %movi 8, 2383544330, 32;
   %ix/load 1, 0, 0;
   %ix/load 3, 213, 0;
   %set/av v0xbca980, 8, 32;
    %movi 8, 36870180, 32;
   %ix/load 1, 0, 0;
   %ix/load 3, 1115, 0;
   %set/av v0xbca980, 8, 32;
    %movi 8, 2383478791, 32;
   %ix/load 1, 0, 0;
   %ix/load 3, 1117, 0;
   %set/av v0xbca980, 8, 32;
    %movi 8, 2383544333, 32;
   %ix/load 1, 0, 0;
   %ix/load 3, 1119, 0;
   %set/av v0xbca980, 8, 32;
    %movi 8, 36872228, 32;
   %ix/load 1, 0, 0;
   %ix/load 3, 1121, 0;
   %set/av v0xbca980, 8, 32;
    %movi 8, 2383478792, 32;
   %ix/load 1, 0, 0;
   %ix/load 3, 1123, 0;
   %set/av v0xbca980, 8, 32;
    %movi 8, 2383544336, 32;
   %ix/load 1, 0, 0;
   %ix/load 3, 1125, 0;
   %set/av v0xbca980, 8, 32;
    %movi 8, 36874276, 32;
   %ix/load 1, 0, 0;
   %ix/load 3, 1127, 0;
   %set/av v0xbca980, 8, 32;
    %movi 8, 41201696, 32;
   %ix/load 1, 0, 0;
   %ix/load 3, 1129, 0;
   %set/av v0xbca980, 8, 32;
    %movi 8, 47560736, 32;
   %ix/load 1, 0, 0;
   %ix/load 3, 1131, 0;
   %set/av v0xbca980, 8, 32;
    %movi 8, 2920742937, 32;
   %ix/load 1, 0, 0;
   %ix/load 3, 1133, 0;
   %set/av v0xbca980, 8, 32;
    %movi 8, 2383478790, 32;
   %ix/load 1, 0, 0;
   %ix/load 3, 1135, 0;
   %set/av v0xbca980, 8, 32;
    %movi 8, 2383544331, 32;
   %ix/load 1, 0, 0;
   %ix/load 3, 1137, 0;
   %set/av v0xbca980, 8, 32;
    %movi 8, 36870180, 32;
   %ix/load 1, 0, 0;
   %ix/load 3, 1139, 0;
   %set/av v0xbca980, 8, 32;
    %movi 8, 2383478791, 32;
   %ix/load 1, 0, 0;
   %ix/load 3, 1141, 0;
   %set/av v0xbca980, 8, 32;
    %movi 8, 2383544334, 32;
   %ix/load 1, 0, 0;
   %ix/load 3, 1143, 0;
   %set/av v0xbca980, 8, 32;
    %movi 8, 36872228, 32;
   %ix/load 1, 0, 0;
   %ix/load 3, 1145, 0;
   %set/av v0xbca980, 8, 32;
    %movi 8, 2383478792, 32;
   %ix/load 1, 0, 0;
   %ix/load 3, 1147, 0;
   %set/av v0xbca980, 8, 32;
    %movi 8, 2383544337, 32;
   %ix/load 1, 0, 0;
   %ix/load 3, 1149, 0;
   %set/av v0xbca980, 8, 32;
    %movi 8, 36874276, 32;
   %ix/load 1, 0, 0;
   %ix/load 3, 1151, 0;
   %set/av v0xbca980, 8, 32;
    %movi 8, 41201696, 32;
   %ix/load 1, 0, 0;
   %ix/load 3, 1153, 0;
   %set/av v0xbca980, 8, 32;
    %movi 8, 47560736, 32;
   %ix/load 1, 0, 0;
   %ix/load 3, 1155, 0;
   %set/av v0xbca980, 8, 32;
    %movi 8, 2920742938, 32;
   %ix/load 1, 0, 0;
   %ix/load 3, 1157, 0;
   %set/av v0xbca980, 8, 32;
    %end;
    .thread T_1;
    .scope S_0xbca7a0;
T_2 ;
    %wait E_0xbca890;
    %load/v 8, v0xbcaab0_0, 32;
    %cmpi/u 8, 1, 32;
    %jmp/1 T_2.0, 6;
    %ix/getv 3, v0xbcaab0_0;
    %load/av 8, v0xbca980, 32;
    %set/v v0xbcaa00_0, 8, 32;
    %jmp T_2.2;
T_2.0 ;
    %load/v 8, v0xbca8c0_0, 32;
    %set/v v0xbcaa00_0, 8, 32;
    %jmp T_2.2;
T_2.2 ;
    %jmp T_2;
    .thread T_2, $push;
    .scope S_0xbca410;
T_3 ;
    %wait E_0xbc5510;
    %load/v 8, v0xbca580_0, 32;
    %load/v 40, v0xbca620_0, 32;
    %add 8, 40, 32;
    %set/v v0xbca6c0_0, 8, 32;
    %jmp T_3;
    .thread T_3;
    .scope S_0xbca0b0;
T_4 ;
    %wait E_0xbc5510;
    %load/v 8, v0xbca1a0_0, 32;
    %set/v v0xbca240_0, 8, 32;
    %load/v 8, v0xbca2e0_0, 32;
    %set/v v0xbca360_0, 8, 32;
    %jmp T_4;
    .thread T_4;
    .scope S_0xbc94e0;
T_5 ;
    %set/v v0xbc9980_0, 0, 32;
    %set/v v0xbc9a00_0, 0, 32;
    %end;
    .thread T_5;
    .scope S_0xbc94e0;
T_6 ;
    %wait E_0xbc8ec0;
    %load/v 8, v0xbc9600_0, 1;
    %mov 9, 0, 2;
    %cmpi/u 8, 1, 3;
    %jmp/0xz  T_6.0, 4;
    %load/v 8, v0xbc97d0_0, 5;
    %cmpi/u 8, 16, 5;
    %jmp/1 T_6.2, 6;
    %cmpi/u 8, 17, 5;
    %jmp/1 T_6.3, 6;
    %cmpi/u 8, 18, 5;
    %jmp/1 T_6.4, 6;
    %cmpi/u 8, 19, 5;
    %jmp/1 T_6.5, 6;
    %cmpi/u 8, 20, 5;
    %jmp/1 T_6.6, 6;
    %cmpi/u 8, 21, 5;
    %jmp/1 T_6.7, 6;
    %cmpi/u 8, 22, 5;
    %jmp/1 T_6.8, 6;
    %cmpi/u 8, 23, 5;
    %jmp/1 T_6.9, 6;
    %jmp T_6.10;
T_6.2 ;
    %load/v 8, v0xbc9980_0, 32;
    %set/v v0xbc9680_0, 8, 32;
    %jmp T_6.10;
T_6.3 ;
    %load/v 8, v0xbc9a00_0, 32;
    %set/v v0xbc9680_0, 8, 32;
    %jmp T_6.10;
T_6.4 ;
    %load/v 8, v0xbc9ad0_0, 32;
    %set/v v0xbc9680_0, 8, 32;
    %jmp T_6.10;
T_6.5 ;
    %load/v 8, v0xbc9b50_0, 32;
    %set/v v0xbc9680_0, 8, 32;
    %jmp T_6.10;
T_6.6 ;
    %load/v 8, v0xbc9bf0_0, 32;
    %set/v v0xbc9680_0, 8, 32;
    %jmp T_6.10;
T_6.7 ;
    %load/v 8, v0xbc9c90_0, 32;
    %set/v v0xbc9680_0, 8, 32;
    %jmp T_6.10;
T_6.8 ;
    %load/v 8, v0xbc9d30_0, 32;
    %set/v v0xbc9680_0, 8, 32;
    %jmp T_6.10;
T_6.9 ;
    %load/v 8, v0xbc9dd0_0, 32;
    %set/v v0xbc9680_0, 8, 32;
    %jmp T_6.10;
T_6.10 ;
    %load/v 8, v0xbc9880_0, 5;
    %cmpi/u 8, 16, 5;
    %jmp/1 T_6.11, 6;
    %cmpi/u 8, 17, 5;
    %jmp/1 T_6.12, 6;
    %cmpi/u 8, 18, 5;
    %jmp/1 T_6.13, 6;
    %cmpi/u 8, 19, 5;
    %jmp/1 T_6.14, 6;
    %cmpi/u 8, 20, 5;
    %jmp/1 T_6.15, 6;
    %cmpi/u 8, 21, 5;
    %jmp/1 T_6.16, 6;
    %cmpi/u 8, 22, 5;
    %jmp/1 T_6.17, 6;
    %cmpi/u 8, 23, 5;
    %jmp/1 T_6.18, 6;
    %jmp T_6.19;
T_6.11 ;
    %load/v 8, v0xbc9980_0, 32;
    %set/v v0xbc9750_0, 8, 32;
    %jmp T_6.19;
T_6.12 ;
    %load/v 8, v0xbc9a00_0, 32;
    %set/v v0xbc9750_0, 8, 32;
    %jmp T_6.19;
T_6.13 ;
    %load/v 8, v0xbc9ad0_0, 32;
    %set/v v0xbc9750_0, 8, 32;
    %jmp T_6.19;
T_6.14 ;
    %load/v 8, v0xbc9b50_0, 32;
    %set/v v0xbc9750_0, 8, 32;
    %jmp T_6.19;
T_6.15 ;
    %load/v 8, v0xbc9bf0_0, 32;
    %set/v v0xbc9750_0, 8, 32;
    %jmp T_6.19;
T_6.16 ;
    %load/v 8, v0xbc9c90_0, 32;
    %set/v v0xbc9750_0, 8, 32;
    %jmp T_6.19;
T_6.17 ;
    %load/v 8, v0xbc9d30_0, 32;
    %set/v v0xbc9750_0, 8, 32;
    %jmp T_6.19;
T_6.18 ;
    %load/v 8, v0xbc9dd0_0, 32;
    %set/v v0xbc9750_0, 8, 32;
    %jmp T_6.19;
T_6.19 ;
    %jmp T_6.1;
T_6.0 ;
    %load/v 8, v0xbc9600_0, 1;
    %mov 9, 0, 1;
    %cmpi/u 8, 0, 2;
    %mov 8, 4, 1;
    %load/v 9, v0xbc9900_0, 1;
    %mov 10, 0, 2;
    %cmpi/u 9, 1, 3;
    %mov 9, 4, 1;
    %and 8, 9, 1;
    %jmp/0xz  T_6.20, 8;
    %load/v 8, v0xbc9fa0_0, 5;
    %cmpi/u 8, 16, 5;
    %jmp/1 T_6.22, 6;
    %cmpi/u 8, 17, 5;
    %jmp/1 T_6.23, 6;
    %cmpi/u 8, 18, 5;
    %jmp/1 T_6.24, 6;
    %cmpi/u 8, 19, 5;
    %jmp/1 T_6.25, 6;
    %cmpi/u 8, 20, 5;
    %jmp/1 T_6.26, 6;
    %cmpi/u 8, 21, 5;
    %jmp/1 T_6.27, 6;
    %cmpi/u 8, 22, 5;
    %jmp/1 T_6.28, 6;
    %cmpi/u 8, 23, 5;
    %jmp/1 T_6.29, 6;
    %jmp T_6.30;
T_6.22 ;
    %load/v 8, v0xbc9ef0_0, 32;
    %set/v v0xbc9980_0, 8, 32;
    %jmp T_6.30;
T_6.23 ;
    %load/v 8, v0xbc9ef0_0, 32;
    %set/v v0xbc9a00_0, 8, 32;
    %jmp T_6.30;
T_6.24 ;
    %load/v 8, v0xbc9ef0_0, 32;
    %set/v v0xbc9ad0_0, 8, 32;
    %jmp T_6.30;
T_6.25 ;
    %load/v 8, v0xbc9ef0_0, 32;
    %set/v v0xbc9b50_0, 8, 32;
    %jmp T_6.30;
T_6.26 ;
    %load/v 8, v0xbc9ef0_0, 32;
    %set/v v0xbc9bf0_0, 8, 32;
    %jmp T_6.30;
T_6.27 ;
    %load/v 8, v0xbc9ef0_0, 32;
    %set/v v0xbc9c90_0, 8, 32;
    %jmp T_6.30;
T_6.28 ;
    %load/v 8, v0xbc9ef0_0, 32;
    %set/v v0xbc9d30_0, 8, 32;
    %jmp T_6.30;
T_6.29 ;
    %load/v 8, v0xbc9ef0_0, 32;
    %set/v v0xbc9dd0_0, 8, 32;
    %jmp T_6.30;
T_6.30 ;
T_6.20 ;
T_6.1 ;
    %jmp T_6;
    .thread T_6, $push;
    .scope S_0xbc9110;
T_7 ;
    %wait E_0xbc8f20;
    %load/v 8, v0xbc9360_0, 6;
    %cmpi/u 8, 0, 6;
    %jmp/1 T_7.0, 6;
    %cmpi/u 8, 35, 6;
    %jmp/1 T_7.1, 6;
    %cmpi/u 8, 43, 6;
    %jmp/1 T_7.2, 6;
    %cmpi/u 8, 4, 6;
    %jmp/1 T_7.3, 6;
    %jmp T_7.4;
T_7.0 ;
    %movi 8, 10, 4;
    %set/v v0xbc9200_0, 8, 4;
    %movi 8, 2, 2;
    %set/v v0xbc93e0_0, 8, 2;
    %set/v v0xbc92b0_0, 0, 3;
    %jmp T_7.4;
T_7.1 ;
    %movi 8, 4, 4;
    %set/v v0xbc9200_0, 8, 4;
    %set/v v0xbc93e0_0, 1, 2;
    %movi 8, 2, 3;
    %set/v v0xbc92b0_0, 8, 3;
    %jmp T_7.4;
T_7.2 ;
    %movi 8, 4, 4;
    %set/v v0xbc9200_0, 8, 4;
    %set/v v0xbc93e0_0, 0, 2;
    %movi 8, 1, 3;
    %set/v v0xbc92b0_0, 8, 3;
    %jmp T_7.4;
T_7.3 ;
    %movi 8, 1, 4;
    %set/v v0xbc9200_0, 8, 4;
    %movi 8, 2, 2;
    %set/v v0xbc93e0_0, 8, 2;
    %movi 8, 4, 3;
    %set/v v0xbc92b0_0, 8, 3;
    %jmp T_7.4;
T_7.4 ;
    %jmp T_7;
    .thread T_7, $push;
    .scope S_0xbc8290;
T_8 ;
    %wait E_0xbc5510;
    %load/v 8, v0xbc8ad0_0, 32;
    %ix/load 0, 32, 0;
    %assign/v0 v0xbc8b50_0, 0, 8;
    %load/v 8, v0xbc8c80_0, 32;
    %ix/load 0, 32, 0;
    %assign/v0 v0xbc8d30_0, 0, 8;
    %load/v 8, v0xbc8bd0_0, 32;
    %ix/load 0, 32, 0;
    %assign/v0 v0xbc8e40_0, 0, 8;
    %load/v 8, v0xbc86a0_0, 16;
    %mov 24, 0, 16;
    %ix/load 0, 32, 0;
    %assign/v0 v0xbc8720_0, 0, 8;
    %load/v 8, v0xbc87a0_0, 5;
    %ix/load 0, 5, 0;
    %assign/v0 v0xbc8820_0, 0, 8;
    %load/v 8, v0xbc88a0_0, 5;
    %ix/load 0, 5, 0;
    %assign/v0 v0xbc8920_0, 0, 8;
    %load/v 8, v0xbc8f60_0, 2;
    %ix/load 0, 2, 0;
    %assign/v0 v0xbc9090_0, 0, 8;
    %load/v 8, v0xbc89a0_0, 3;
    %ix/load 0, 3, 0;
    %assign/v0 v0xbc8a20_0, 0, 8;
    %load/v 8, v0xbc85f0_0, 2; Only need 2 of 4 bits
; Save base=8 wid=2 in lookaside.
    %ix/load 0, 2, 0;
    %assign/v0 v0xbc8380_0, 0, 8;
    %ix/load 1, 2, 0;
    %mov 4, 0, 1;
    %jmp/1 T_8.0, 4;
    %load/x1p 8, v0xbc85f0_0, 1;
    %jmp T_8.1;
T_8.0 ;
    %mov 8, 2, 1;
T_8.1 ;
; Save base=8 wid=1 in lookaside.
    %ix/load 0, 1, 0;
    %assign/v0 v0xbc8430_0, 0, 8;
    %ix/load 1, 3, 0;
    %mov 4, 0, 1;
    %jmp/1 T_8.2, 4;
    %load/x1p 8, v0xbc85f0_0, 1;
    %jmp T_8.3;
T_8.2 ;
    %mov 8, 2, 1;
T_8.3 ;
; Save base=8 wid=1 in lookaside.
    %ix/load 0, 1, 0;
    %assign/v0 v0xbc8db0_0, 0, 8;
    %jmp T_8;
    .thread T_8;
    .scope S_0xbc7ef0;
T_9 ;
    %wait E_0xbc5510;
    %load/v 8, v0xbc8060_0, 32;
    %load/v 40, v0xbc8100_0, 32;
    %add 8, 40, 32;
    %set/v v0xbc81b0_0, 8, 32;
    %jmp T_9;
    .thread T_9;
    .scope S_0xbc7b00;
T_10 ;
    %wait E_0xbc7bf0;
    %load/v 8, v0xbc7e40_0, 1;
    %cmpi/u 8, 0, 1;
    %jmp/0xz  T_10.0, 4;
    %load/v 8, v0xbc7c40_0, 32;
    %set/v v0xbc7d90_0, 8, 32;
    %jmp T_10.1;
T_10.0 ;
    %load/v 8, v0xbc7d10_0, 32;
    %set/v v0xbc7d90_0, 8, 32;
T_10.1 ;
    %jmp T_10;
    .thread T_10, $push;
    .scope S_0xbc77f0;
T_11 ;
    %wait E_0xbc78e0;
    %load/v 8, v0xbc7910_0, 2;
    %cmpi/u 8, 0, 2;
    %jmp/1 T_11.0, 6;
    %cmpi/u 8, 1, 2;
    %jmp/1 T_11.1, 6;
    %cmpi/u 8, 2, 2;
    %jmp/1 T_11.2, 6;
    %jmp T_11.3;
T_11.0 ;
    %movi 8, 2, 4;
    %set/v v0xbc7a50_0, 8, 4;
    %jmp T_11.3;
T_11.1 ;
    %movi 8, 3, 4;
    %set/v v0xbc7a50_0, 8, 4;
    %jmp T_11.3;
T_11.2 ;
    %load/v 8, v0xbc79b0_0, 6;
    %cmpi/u 8, 32, 6;
    %jmp/1 T_11.4, 6;
    %cmpi/u 8, 34, 6;
    %jmp/1 T_11.5, 6;
    %cmpi/u 8, 36, 6;
    %jmp/1 T_11.6, 6;
    %cmpi/u 8, 37, 6;
    %jmp/1 T_11.7, 6;
    %jmp T_11.8;
T_11.4 ;
    %movi 8, 2, 4;
    %set/v v0xbc7a50_0, 8, 4;
    %jmp T_11.8;
T_11.5 ;
    %movi 8, 3, 4;
    %set/v v0xbc7a50_0, 8, 4;
    %jmp T_11.8;
T_11.6 ;
    %set/v v0xbc7a50_0, 0, 4;
    %jmp T_11.8;
T_11.7 ;
    %movi 8, 1, 4;
    %set/v v0xbc7a50_0, 8, 4;
    %jmp T_11.8;
T_11.8 ;
    %jmp T_11.3;
T_11.3 ;
    %jmp T_11;
    .thread T_11, $push;
    .scope S_0xbc7320;
T_12 ;
    %wait E_0xbc7410;
    %load/v 8, v0xbc7460_0, 4;
    %cmpi/u 8, 2, 4;
    %jmp/1 T_12.0, 6;
    %cmpi/u 8, 3, 4;
    %jmp/1 T_12.1, 6;
    %cmpi/u 8, 0, 4;
    %jmp/1 T_12.2, 6;
    %cmpi/u 8, 1, 4;
    %jmp/1 T_12.3, 6;
    %jmp T_12.4;
T_12.0 ;
    %load/v 8, v0xbc7520_0, 32;
    %load/v 40, v0xbc75c0_0, 32;
    %add 8, 40, 32;
    %set/v v0xbc7660_0, 8, 32;
    %jmp T_12.4;
T_12.1 ;
    %load/v 8, v0xbc7520_0, 32;
    %load/v 40, v0xbc75c0_0, 32;
    %sub 8, 40, 32;
    %set/v v0xbc7660_0, 8, 32;
    %jmp T_12.4;
T_12.2 ;
    %load/v 8, v0xbc7520_0, 32;
    %load/v 40, v0xbc75c0_0, 32;
    %mul 8, 40, 32;
    %set/v v0xbc7660_0, 8, 32;
    %jmp T_12.4;
T_12.3 ;
    %load/v 8, v0xbc7520_0, 32;
    %load/v 40, v0xbc75c0_0, 32;
    %or 8, 40, 32;
    %set/v v0xbc7660_0, 8, 32;
    %jmp T_12.4;
T_12.4 ;
    %load/v 8, v0xbc7660_0, 32;
    %cmpi/u 8, 0, 32;
    %jmp/0xz  T_12.5, 4;
    %set/v v0xbc7740_0, 1, 1;
T_12.5 ;
    %jmp T_12;
    .thread T_12, $push;
    .scope S_0xbc6f70;
T_13 ;
    %wait E_0xbc6db0;
    %load/v 8, v0xbc7270_0, 1;
    %mov 9, 0, 1;
    %cmpi/u 8, 0, 2;
    %jmp/0xz  T_13.0, 4;
    %load/v 8, v0xbc7060_0, 5;
    %set/v v0xbc71c0_0, 8, 5;
    %jmp T_13.1;
T_13.0 ;
    %load/v 8, v0xbc7120_0, 5;
    %set/v v0xbc71c0_0, 8, 5;
T_13.1 ;
    %jmp T_13;
    .thread T_13, $push;
    .scope S_0xbc6180;
T_14 ;
    %wait E_0xbc5510;
    %load/v 8, v0xbc6910_0, 2;
    %ix/load 0, 2, 0;
    %assign/v0 v0xbc69b0_0, 0, 8;
    %ix/load 1, 2, 0;
    %mov 4, 0, 1;
    %jmp/1 T_14.0, 4;
    %load/x1p 8, v0xbc6580_0, 1;
    %jmp T_14.1;
T_14.0 ;
    %mov 8, 2, 1;
T_14.1 ;
; Save base=8 wid=1 in lookaside.
    %ix/load 0, 1, 0;
    %assign/v0 v0xbc6390_0, 0, 8;
    %ix/load 1, 1, 0;
    %mov 4, 0, 1;
    %jmp/1 T_14.2, 4;
    %load/x1p 8, v0xbc6580_0, 1;
    %jmp T_14.3;
T_14.2 ;
    %mov 8, 2, 1;
T_14.3 ;
; Save base=8 wid=1 in lookaside.
    %ix/load 0, 1, 0;
    %assign/v0 v0xbc6660_0, 0, 8;
    %load/v 8, v0xbc6580_0, 1; Only need 1 of 3 bits
; Save base=8 wid=1 in lookaside.
    %ix/load 0, 1, 0;
    %assign/v0 v0xbc66e0_0, 0, 8;
    %load/v 8, v0xbc67b0_0, 32;
    %ix/load 0, 32, 0;
    %assign/v0 v0xbc6830_0, 0, 8;
    %load/v 8, v0xbc6be0_0, 1;
    %ix/load 0, 1, 0;
    %assign/v0 v0xbc6e50_0, 0, 8;
    %load/v 8, v0xbc6270_0, 32;
    %ix/load 0, 32, 0;
    %assign/v0 v0xbc6310_0, 0, 8;
    %load/v 8, v0xbc6c90_0, 32;
    %ix/load 0, 32, 0;
    %assign/v0 v0xbc6d10_0, 0, 8;
    %load/v 8, v0xbc6ac0_0, 5;
    %ix/load 0, 5, 0;
    %assign/v0 v0xbc6b60_0, 0, 8;
    %jmp T_14;
    .thread T_14;
    .scope S_0xbc5bf0;
T_15 ;
    %movi 8, 6, 32;
   %ix/load 1, 0, 0;
   %ix/load 3, 0, 0;
   %set/av v0xbc5ed0, 8, 32;
    %movi 8, 2, 32;
   %ix/load 1, 0, 0;
   %ix/load 3, 1, 0;
   %set/av v0xbc5ed0, 8, 32;
    %movi 8, 3, 32;
   %ix/load 1, 0, 0;
   %ix/load 3, 2, 0;
   %set/av v0xbc5ed0, 8, 32;
    %movi 8, 5, 32;
   %ix/load 1, 0, 0;
   %ix/load 3, 3, 0;
   %set/av v0xbc5ed0, 8, 32;
    %movi 8, 5, 32;
   %ix/load 1, 0, 0;
   %ix/load 3, 4, 0;
   %set/av v0xbc5ed0, 8, 32;
    %movi 8, 4, 32;
   %ix/load 1, 0, 0;
   %ix/load 3, 5, 0;
   %set/av v0xbc5ed0, 8, 32;
    %movi 8, 5, 32;
   %ix/load 1, 0, 0;
   %ix/load 3, 6, 0;
   %set/av v0xbc5ed0, 8, 32;
    %movi 8, 6, 32;
   %ix/load 1, 0, 0;
   %ix/load 3, 7, 0;
   %set/av v0xbc5ed0, 8, 32;
    %movi 8, 5, 32;
   %ix/load 1, 0, 0;
   %ix/load 3, 8, 0;
   %set/av v0xbc5ed0, 8, 32;
    %movi 8, 7, 32;
   %ix/load 1, 0, 0;
   %ix/load 3, 9, 0;
   %set/av v0xbc5ed0, 8, 32;
    %movi 8, 2, 32;
   %ix/load 1, 0, 0;
   %ix/load 3, 10, 0;
   %set/av v0xbc5ed0, 8, 32;
    %movi 8, 2, 32;
   %ix/load 1, 0, 0;
   %ix/load 3, 11, 0;
   %set/av v0xbc5ed0, 8, 32;
    %movi 8, 5, 32;
   %ix/load 1, 0, 0;
   %ix/load 3, 12, 0;
   %set/av v0xbc5ed0, 8, 32;
    %movi 8, 2, 32;
   %ix/load 1, 0, 0;
   %ix/load 3, 13, 0;
   %set/av v0xbc5ed0, 8, 32;
    %movi 8, 5, 32;
   %ix/load 1, 0, 0;
   %ix/load 3, 14, 0;
   %set/av v0xbc5ed0, 8, 32;
    %movi 8, 3, 32;
   %ix/load 1, 0, 0;
   %ix/load 3, 15, 0;
   %set/av v0xbc5ed0, 8, 32;
    %movi 8, 5, 32;
   %ix/load 1, 0, 0;
   %ix/load 3, 16, 0;
   %set/av v0xbc5ed0, 8, 32;
    %movi 8, 8, 32;
   %ix/load 1, 0, 0;
   %ix/load 3, 17, 0;
   %set/av v0xbc5ed0, 8, 32;
    %end;
    .thread T_15;
    .scope S_0xbc5bf0;
T_16 ;
    %wait E_0xbc5ce0;
    %load/v 8, v0xbc5e20_0, 1;
    %mov 9, 0, 1;
    %cmpi/u 8, 0, 2;
    %mov 8, 4, 1;
    %load/v 9, v0xbc6000_0, 1;
    %mov 10, 0, 2;
    %cmpi/u 9, 1, 3;
    %mov 9, 4, 1;
    %and 8, 9, 1;
    %jmp/0xz  T_16.0, 8;
    %load/v 8, v0xbc6100_0, 32;
    %ix/getv 3, v0xbc5d50_0;
   %jmp/1 t_0, 4;
   %ix/load 1, 0, 0;
   %set/av v0xbc5ed0, 8, 32;
t_0 ;
    %jmp T_16.1;
T_16.0 ;
    %load/v 8, v0xbc5f50_0, 1;
    %mov 9, 0, 2;
    %cmpi/u 8, 1, 3;
    %mov 8, 4, 1;
    %load/v 9, v0xbc5e20_0, 1;
    %mov 10, 0, 2;
    %cmpi/u 9, 1, 3;
    %mov 9, 4, 1;
    %and 8, 9, 1;
    %jmp/0xz  T_16.2, 8;
    %ix/getv 3, v0xbc5d50_0;
    %load/av 8, v0xbc5ed0, 32;
    %set/v v0xbc6080_0, 8, 32;
T_16.2 ;
T_16.1 ;
    %vpi_call 14 42 "$display", "matrix =  ", &A<v0xbc5ed0, 18>, &A<v0xbc5ed0, 19>, &A<v0xbc5ed0, 20>, &A<v0xbc5ed0, 21>, &A<v0xbc5ed0, 22>, &A<v0xbc5ed0, 23>, &A<v0xbc5ed0, 24>, &A<v0xbc5ed0, 25>, &A<v0xbc5ed0, 26>;
    %jmp T_16;
    .thread T_16, $push;
    .scope S_0xbc5420;
T_17 ;
    %wait E_0xbc5510;
    %load/v 8, v0xbc59d0_0, 1; Only need 1 of 2 bits
; Save base=8 wid=1 in lookaside.
    %set/v v0xbc5770_0, 8, 1;
    %ix/load 1, 1, 0;
    %mov 4, 0, 1;
    %jmp/1 T_17.0, 4;
    %load/x1p 8, v0xbc59d0_0, 1;
    %jmp T_17.1;
T_17.0 ;
    %mov 8, 2, 1;
T_17.1 ;
; Save base=8 wid=1 in lookaside.
    %set/v v0xbc5950_0, 8, 1;
    %load/v 8, v0xbc5580_0, 32;
    %set/v v0xbc5640_0, 8, 32;
    %load/v 8, v0xbc5850_0, 32;
    %set/v v0xbc58d0_0, 8, 32;
    %load/v 8, v0xbc5a50_0, 5;
    %set/v v0xbc5af0_0, 8, 5;
    %jmp T_17;
    .thread T_17;
    .scope S_0xbc5040;
T_18 ;
    %wait E_0xbc49d0;
    %load/v 8, v0xbc5370_0, 1;
    %cmpi/u 8, 0, 1;
    %jmp/0xz  T_18.0, 4;
    %load/v 8, v0xbc5170_0, 32;
    %set/v v0xbc52d0_0, 8, 32;
    %jmp T_18.1;
T_18.0 ;
    %load/v 8, v0xbc5230_0, 32;
    %set/v v0xbc52d0_0, 8, 32;
T_18.1 ;
    %jmp T_18;
    .thread T_18, $push;
    .scope S_0xbc4f50;
T_19 ;
    %wait E_0xbc5510;
    %load/v 8, v0xbcbf80_0, 1;
    %mov 9, 0, 2;
    %cmpi/u 8, 1, 3;
    %mov 8, 4, 1;
    %load/v 9, v0xbcbf80_0, 1;
    %mov 10, 0, 1;
    %cmpi/u 9, 0, 2;
    %or 8, 4, 1;
    %jmp/0xz  T_19.0, 8;
    %load/v 8, v0xbcc0c0_0, 32;
    %set/v v0xbcbce0_0, 8, 32;
T_19.0 ;
    %jmp T_19;
    .thread T_19;
    .scope S_0xbc4f50;
T_20 ;
    %load/v 8, v0xbcbed0_0, 32;
    %set/v v0xbcbce0_0, 8, 32;
    %end;
    .thread T_20;
    .scope S_0xbc4f50;
T_21 ;
    %vpi_call 2 51 "$display", v0xbcc260_0;
    %end;
    .thread T_21;
    .scope S_0xba6470;
T_22 ;
    %set/v v0xbcd2c0_0, 0, 1;
    %end;
    .thread T_22;
    .scope S_0xba6470;
T_23 ;
    %delay 3, 0;
    %load/v 8, v0xbcd2c0_0, 1;
    %inv 8, 1;
    %set/v v0xbcd2c0_0, 8, 1;
    %jmp T_23;
    .thread T_23;
    .scope S_0xba6470;
T_24 ;
    %delay 20000, 0;
    %vpi_call 3 14 "$finish";
    %end;
    .thread T_24;
# The file index is used to find the file name in the following table.
:file_names 16;
    "N/A";
    "<interactive>";
    "mips_IMT2017503.v";
    "mips_tb_IMT2017503.v";
    "instr_mem_file_IMT2017503.v";
    "if_id_pipe_reg_IMT2017503.v";
    "reg_file_IMT2017503.v";
    "control_IMT2017503.v";
    "id_ex_pipe_reg_IMT2017503.v";
    "mux_IMT2017503.v";
    "alu_control_IMT2017503.v";
    "alu_IMT2017503.v";
    "mux_5_bit_IMT2017503.v";
    "ex_mem_pipe_reg_IMT2017503.v";
    "data_memory_IMT2017503.v";
    "mem_wb_pipe_reg_IMT2017503.v";
